BibleVersePoster:INFO - *************BibleVersePoster Started*************
BibleVersePoster:INFO - Logging into https://bsi.driftingkelp.com...
BibleVersePoster:INFO - Login successful.
BibleVersePoster:INFO - Skipping posted resource <Exodus 34>
BibleVersePoster:INFO - Skipping posted resource <Exodus 36>
BibleVersePoster:INFO - Skipping posted resource <Exodus 11>
BibleVersePoster:INFO - Skipping posted resource <Exodus 19>
BibleVersePoster:INFO - Skipping posted resource <Exodus 23>
BibleVersePoster:INFO - Skipping posted resource <Exodus 24>
BibleVersePoster:INFO - Skipping posted resource <Exodus 12>
BibleVersePoster:INFO - Skipping posted resource <Exodus 31>
BibleVersePoster:INFO - Skipping posted resource <Exodus 21>
BibleVersePoster:INFO - Skipping posted resource <Exodus 27>
BibleVersePoster:INFO - Skipping posted resource <Exodus 10>
BibleVersePoster:INFO - Skipping posted resource <Exodus 6>
BibleVersePoster:INFO - Skipping posted resource <Exodus 1>
BibleVersePoster:INFO - Skipping posted resource <Exodus 14>
BibleVersePoster:INFO - Skipping posted resource <Exodus 18>
BibleVersePoster:INFO - Skipping posted resource <Exodus 17>
BibleVersePoster:INFO - Skipping posted resource <Exodus 16>
BibleVersePoster:INFO - Skipping posted resource <Exodus 8>
BibleVersePoster:INFO - Skipping posted resource <Exodus 37>
BibleVersePoster:INFO - Skipping posted resource <Exodus 26>
BibleVersePoster:INFO - Skipping posted resource <Exodus 40>
BibleVersePoster:INFO - Skipping posted resource <Exodus 2>
BibleVersePoster:INFO - Skipping posted resource <Exodus 35>
BibleVersePoster:INFO - Skipping posted resource <Exodus 28>
BibleVersePoster:INFO - Skipping posted resource <Exodus 38>
BibleVersePoster:INFO - Skipping posted resource <Exodus 5>
BibleVersePoster:INFO - Skipping posted resource <Exodus 32>
BibleVersePoster:INFO - Skipping posted resource <Exodus 15>
BibleVersePoster:INFO - Skipping posted resource <Exodus 25>
BibleVersePoster:INFO - Skipping posted resource <Exodus 3>
BibleVersePoster:INFO - Skipping posted resource <Exodus 7>
BibleVersePoster:INFO - Skipping posted resource <Exodus 4>
BibleVersePoster:INFO - Skipping posted resource <Exodus 9>
BibleVersePoster:INFO - Skipping posted resource <Exodus 30>
BibleVersePoster:INFO - Skipping posted resource <Exodus 33>
BibleVersePoster:INFO - Skipping posted resource <Exodus 13>
BibleVersePoster:INFO - Skipping posted resource <Exodus 39>
BibleVersePoster:INFO - Skipping posted resource <Exodus 20>
BibleVersePoster:INFO - Skipping posted resource <Exodus 29>
BibleVersePoster:INFO - Skipping posted resource <Exodus 22>
BibleVersePoster:INFO - Skipping posted resource <Genesis 29>
BibleVersePoster:INFO - Skipping posted resource <Genesis 1>
BibleVersePoster:INFO - Skipping posted resource <Genesis 48>
BibleVersePoster:INFO - Skipping posted resource <Genesis 4>
BibleVersePoster:INFO - Skipping posted resource <Genesis 21>
BibleVersePoster:INFO - Skipping posted resource <Genesis 32>
BibleVersePoster:INFO - Skipping posted resource <Genesis 6>
BibleVersePoster:INFO - Skipping posted resource <Genesis 28>
BibleVersePoster:INFO - Skipping posted resource <Genesis 39>
BibleVersePoster:INFO - Skipping posted resource <Genesis 41>
BibleVersePoster:INFO - Skipping posted resource <Genesis 45>
BibleVersePoster:INFO - Skipping posted resource <Genesis 5>
BibleVersePoster:INFO - Skipping posted resource <Genesis 3>
BibleVersePoster:INFO - Skipping posted resource <Genesis 33>
BibleVersePoster:INFO - Skipping posted resource <Genesis 46>
BibleVersePoster:INFO - Skipping posted resource <Genesis 10>
BibleVersePoster:INFO - Skipping posted resource <Genesis 43>
BibleVersePoster:INFO - Skipping posted resource <Genesis 42>
BibleVersePoster:INFO - Skipping posted resource <Genesis 24>
BibleVersePoster:INFO - Skipping posted resource <Genesis 20>
BibleVersePoster:INFO - Skipping posted resource <Genesis 36>
BibleVersePoster:INFO - Skipping posted resource <Genesis 49>
BibleVersePoster:INFO - Skipping posted resource <Genesis 31>
BibleVersePoster:INFO - Skipping posted resource <Genesis 13>
BibleVersePoster:INFO - Skipping posted resource <Genesis 25>
BibleVersePoster:INFO - Skipping posted resource <Genesis 17>
BibleVersePoster:INFO - Skipping posted resource <Genesis 40>
BibleVersePoster:INFO - Skipping posted resource <Genesis 16>
BibleVersePoster:INFO - Skipping posted resource <Genesis 47>
BibleVersePoster:INFO - Skipping posted resource <Genesis 35>
BibleVersePoster:INFO - Skipping posted resource <Genesis 8>
BibleVersePoster:INFO - Skipping posted resource <Genesis 19>
BibleVersePoster:INFO - Skipping posted resource <Genesis 30>
BibleVersePoster:INFO - Skipping posted resource <Genesis 37>
BibleVersePoster:INFO - Skipping posted resource <Genesis 27>
BibleVersePoster:INFO - Skipping posted resource <Genesis 26>
BibleVersePoster:INFO - Skipping posted resource <Genesis 14>
BibleVersePoster:INFO - Skipping posted resource <Genesis 22>
BibleVersePoster:INFO - Skipping posted resource <Genesis 18>
BibleVersePoster:INFO - Skipping posted resource <Genesis 7>
BibleVersePoster:INFO - Skipping posted resource <Genesis 15>
BibleVersePoster:INFO - Skipping posted resource <Genesis 50>
BibleVersePoster:INFO - Skipping posted resource <Genesis 11>
BibleVersePoster:INFO - Skipping posted resource <Genesis 44>
BibleVersePoster:INFO - Skipping posted resource <Genesis 9>
BibleVersePoster:INFO - Skipping posted resource <Genesis 23>
BibleVersePoster:INFO - Skipping posted resource <Genesis 38>
BibleVersePoster:INFO - Skipping posted resource <Genesis 34>
BibleVersePoster:INFO - Skipping posted resource <Genesis 12>
BibleVersePoster:INFO - Skipping posted resource <Genesis 2>
BibleVersePoster:INFO - Done posting html files.
